sshlog: squid 1234
sshlog: pi raspberry
sshlog: pi raspberryraspberry993311
sshlog: ubuntu ubuntu
sshlog: docker 123
sshlog: admin 12345678
sshlog: docker 321
sshlog: mongodb mongodb
sshlog: db2fenc1 db2fenc1
sshlog: mongodb password
sshlog: mongodb 123456
sshlog: mongodb test
sshlog: gnats gnats
sshlog: mongodb test123
sshlog: mongodb 123
sshlog: mongodb 321
sshlog: git git
sshlog: git password
sshlog: ftp_test ftp_test@123
sshlog: kafka kafka
sshlog: kafka password
sshlog: kafka 123456
sshlog: kafka test
sshlog: ftp_test 123456
sshlog: kafka test123
sshlog: oracle5 oracle5
sshlog: kafka 123
sshlog: kafka 321
sshlog: kafka password123
sshlog: hadoop hadoop
sshlog: hadoop password
sshlog: hadoop 321
sshlog: hadoop qwerty123456
sshlog: hadoop qwer1234
sshlog: hadoop P@ssw0rd
sshlog: apache apache
sshlog: apache password
sshlog: apache 123456
sshlog: apache test
sshlog: jboss jboss123
sshlog: apache test123
sshlog: operator operator
sshlog: osmc osmc
sshlog: root
sshlog: root teste123
sshlog: centos 123456
sshlog: camera
sshlog: centos test
sshlog: cron 1234
sshlog: centos test123
sshlog: centos 123
sshlog: centos 321
sshlog: backup backup
sshlog: backup password
sshlog: oracle5 oracle5
sshlog: backup 123456
sshlog: postgres password
sshlog: backup test
sshlog: avahi avahi
sshlog: backups password
sshlog: backups 123456
sshlog: admin 123456
sshlog: backups test
sshlog: backups test123
sshlog: root 1234567
sshlog: admin password
sshlog: admin changeme
sshlog: admin motorola
sshlog: admin admin123
sshlog: admin 1111
sshlog: admin admin1
sshlog: support support
sshlog: 0 0
sshlog: 22 master
sshlog: 22 admin
sshlog: 22 backup
sshlog: 22 ubnt
sshlog: 22 manager
sshlog: 101 101
sshlog: 123 123
sshlog: 1111 1111
sshlog: 1234 1234
sshlog: 1234 admin
sshlog: 1234 1234567890
sshlog: 1234 12345
sshlog: 1234
sshlog: 1234 111111
sshlog: 1234 111111
sshlog: 1502 1502
sshlog: 12345 12345
sshlog: 111111 $passwor
sshlog: 111111 111111
sshlog: 111111 1234
sshlog: 111111 admin
sshlog: 111111 856149100
sshlog: 123321 11111
sshlog: 266344 266344
sshlog: !root
sshlog: 2Wire
sshlog: 3comcso RIP000
sshlog: a a
sshlog: aaa often blank
sshlog: acc acc
sshlog: adam adam
sshlog: adfexc adfexc
sshlog: adm adm
sshlog: adm
sshlog: adm 123456
sshlog: adm uucp
sshlog: adm 111111
sshlog: adm test
sshlog: adm test
sshlog: adm shadow
sshlog: adm client
sshlog: adm 12345678
sshlog: adm qwerty
sshlog: adm admin123
sshlog: adm admin123
sshlog: admin aerohive
sshlog: admin 100000
sshlog: admin pfsense
sshlog: admin !
sshlog: admin 7ujMko0admin
sshlog: admin 1111
sshlog: admin 1111
sshlog: admin manager
sshlog: admin changeme
sshlog: admin admin1
sshlog: admin admin1234
sshlog: admin motorola
sshlog: admin motorola
sshlog: admin admin
sshlog: admin
sshlog: admin 12345
sshlog: admin password
sshlog: admin admin123
sshlog: admin admin123
sshlog: admin 1234
sshlog: admin 123
sshlog: admin admin01
sshlog: admin 123456
sshlog: admin 1234567890
sshlog: admin 1234567890
sshlog: admin admin12
sshlog: admin admin1
sshlog: admin anypass
sshlog: Admin admin
sshlog: admin 0
sshlog: admin ubnt
sshlog: admin 987654321
sshlog: admin password123
sshlog: admin 11111
sshlog: admin 1111
sshlog: admin 1111
sshlog: admin 123123
sshlog: admin 1qaz2wsx
sshlog: admin 123321
sshlog: admin 111111
sshlog: admin 12345678
sshlog: admin 12345678
sshlog: admin &
sshlog: admin vertex25ektks123
sshlog: admin 9051978
sshlog: admin admin1234
sshlog: admin guest
sshlog: admin guest
sshlog: admin support
sshlog: admin 31083
sshlog: admin 123456789
sshlog: admin 1
sshlog: admin 159753
sshlog: admin 159753
sshlog: admin service
sshlog: admin administrator
sshlog: admin operator
sshlog: admin default
sshlog: admin admin12345
sshlog: admin admin12345
sshlog: admin user
sshlog: admin 1234567
sshlog: admin cisco
sshlog: admin test
sshlog: admin admin123456
sshlog: admin admin123456
sshlog: admin raspberry
sshlog: admin 7ujMko0admin
sshlog: admin ololo
sshlog: admin q1w2e3r4
sshlog: admin articon
sshlog: admin articon
sshlog: admin root
sshlog: admin adslolitec
sshlog: admin AitbISP4eCiG
sshlog: admin manager
sshlog: admin asante
sshlog: admin asante
sshlog: admin asd
sshlog: admin super
sshlog: admin passw0rd
sshlog: admin qwerty
sshlog: admin 123654
sshlog: admin 123654
sshlog: admin atlantis
sshlog: admin system
sshlog: admin barricade
sshlog: admin 4dm1n
sshlog: admin 1q2w3e4r
sshlog: admin 1q2w3e4r
sshlog: admin 1111111
sshlog: admin ninja
sshlog: admin 54321
sshlog: admin 1qazxsw2
sshlog: admin master
sshlog: admin master
sshlog: admin abc123
sshlog: admin 4321
sshlog: admin change
sshlog: admin 111
sshlog: admin baseball
sshlog: admin baseball
sshlog: admin pass
sshlog: admin 121180
sshlog: admin 2222
sshlog: admin epicrouter
sshlog: admin qazwsx
sshlog: admin qazwsx
sshlog: admin public
sshlog: admin dragon
sshlog: admin 22
sshlog: admin monitor
sshlog: admin netadmin
sshlog: admin netadmin
sshlog: admin changeme
sshlog: admin demo
sshlog: admin uucp
sshlog: admin user123
sshlog: admin test123
sshlog: admin test123
sshlog: admin ftp
sshlog: admin meinsm
sshlog: admin switch
sshlog: admin client
sshlog: admin hello
sshlog: admin hello
sshlog: admin diamond
sshlog: admin2
sshlog: administrator
sshlog: administrator 12345
sshlog: Administrator
sshlog: administrator password
sshlog: administrator administrator
sshlog: administrator test
sshlog: Administrator admin
sshlog: administrator 987654321
sshlog: administrator 123456
sshlog: ADMN admn
sshlog: agent agent
sshlog: am am
sshlog: anonymous
sshlog: anonymous anonymous
sshlog: apache apache
sshlog: api api
sshlog: backup backup
sshlog: backup plcmspip
sshlog: bill bill
sshlog: bob bob
sshlog: Cisco Cisco
sshlog: client client
sshlog: client backup
sshlog: daemon
sshlog: daniel daniel
sshlog: david david
sshlog: default default
sshlog: default 1
sshlog: default client
sshlog: default abc123
sshlog: default 654321
sshlog: default
sshlog: default
sshlog: default user
sshlog: default nopass
sshlog: demo demo
sshlog: draytek 1234
sshlog: dvs dvs
sshlog: echo echo
sshlog: engineer engineer
sshlog: enrique enrique
sshlog: fax changeme
sshlog: ftp ftp
sshlog: ftp 123456
sshlog: ftp
sshlog: ftp test
sshlog: ftp ftpuser
sshlog: ftp 987654321
sshlog: ftp 987654321
sshlog: ftp ftp123
sshlog: ftp 123
sshlog: ftp master
sshlog: ftp manager
sshlog: ftptest ftptest
sshlog: ftpuser ftpuser
sshlog: ftpuser asteriskftp
sshlog: ftpuser michael
sshlog: ftpuser monkey
sshlog: ftpuser super
sshlog: ftpuser iloveyou
sshlog: ftpuser iloveyou
sshlog: ftpuser uucp
sshlog: ftpuser 123456
sshlog: git git
sshlog: guest guest
sshlog: guest root
sshlog: guest
sshlog: guest 12345
sshlog: guest 123456
sshlog: Guest
sshlog: guest shadow
sshlog: guest qwerty
sshlog: guest 12345678
sshlog: guest admin
sshlog: guest dragon
sshlog: helpdesk helpdesk
sshlog: info info
sshlog: installer installer
sshlog: jenkins jenkins
sshlog: library library
sshlog: manager manager
sshlog: manager 12345
sshlog: manager 987654321
sshlog: manager super
sshlog: manager friend
sshlog: manager manager123
sshlog: manager manager123
sshlog: mark mark
sshlog: master 12345
sshlog: master master
sshlog: master 987654321
sshlog: master
sshlog: media media
sshlog: mike mike
sshlog: monitor monitor
sshlog: monitor
sshlog: mother fucker
sshlog: mtch mtch
sshlog: mtcl mtcl
sshlog: mtcl
sshlog: mysql mysql
sshlog: mysql 123456
sshlog: naadmin naadmin
sshlog: nagios nagios
sshlog: nagios 1234567
sshlog: nagios football
sshlog: nagios uucp
sshlog: nagios raspberry
sshlog: nagios ubnt
sshlog: nagios ubnt
sshlog: nagios admin123
sshlog: nagios dragon
sshlog: NAU NAU
sshlog: netman
sshlog: nobody nobody
sshlog: nobody
sshlog: nobody administrator
sshlog: nobody 123123
sshlog: nobody admin123
sshlog: nt ubnt
sshlog: operator operator
sshlog: Operator operator
sshlog: operator testuser
sshlog: operator operator123
sshlog: operator superman
sshlog: Operator operator123
sshlog: operator 111111
sshlog: operator 12345
sshlog: operator welcome
sshlog: operator bailey
sshlog: oracle oracle
sshlog: osmc osmc
sshlog: pi raspberry
sshlog: pizza pizza
sshlog: plcmspip plcmspip
sshlog: plcmspip qazwsx
sshlog: plcmspip vyatta
sshlog: plcmspip asteriskftp
sshlog: PlcmSpIp PlcmSpIp
sshlog: Polycom SpIp
sshlog: postgres postgres
sshlog: print2000 print2000
sshlog: PRODDTA PRODDTA
sshlog: PSEAdmin $secure$
sshlog: public public
sshlog: public
sshlog: radware radware
sshlog: rapport r@p8p0r+
sshlog: raspberry admin
sshlog: raspberry
sshlog: rcust rcustpw
sshlog: root root
sshlog: root admin
sshlog: root
sshlog: root alpine
sshlog: root 12345
sshlog: root root123
sshlog: root root123
sshlog: root 123456
sshlog: root superuser
sshlog: Root
sshlog: root raspberry
sshlog: root 1234
sshlog: root vizxv
sshlog: root password
sshlog: root admin01
sshlog: root public
sshlog: root public
sshlog: root abc123
sshlog: root 0
sshlog: root admin123
sshlog: root openelec
sshlog: root ubnt
sshlog: root ubnt
sshlog: root !QAZ2wsx
sshlog: root adminpassword
sshlog: root t0talc0ntr0l4!
sshlog: root 12345678
sshlog: root welc0me
sshlog: root welc0me
sshlog: root default
sshlog: root 0
sshlog: root xc3511
sshlog: root toor
sshlog: root rootpass
sshlog: root rootpass
sshlog: root adminadmin
sshlog: root 159753
sshlog: root trustno1
sshlog: root rootme
sshlog: root 1234567890
sshlog: root 1234567890
sshlog: root 1
sshlog: root 123
sshlog: root 111111
sshlog: root super
sshlog: root calvin
sshlog: root calvin
sshlog: root letmein
sshlog: root 11111
sshlog: root q1w2e3r4t5
sshlog: root p
sshlog: root server
sshlog: root server
sshlog: root manager
sshlog: root plcmspip
sshlog: root system
sshlog: root monkey
sshlog: root Pa$$w0rd
sshlog: root Pa$$w0rd
sshlog: root qazwsx
sshlog: root 123123
sshlog: root samsung
sshlog: root dragon
sshlog: root 123456789
sshlog: root 123456789
sshlog: root centos
sshlog: root 88888888
sshlog: root pi
sshlog: root pfsense
sshlog: root root1
sshlog: root root1
sshlog: root 987654321
sshlog: root 123.com
sshlog: root 987654321
sshlog: root 1qazxsw2
sshlog: root live
sshlog: root live
sshlog: root router
sshlog: root cms500
sshlog: root Passw0rd
sshlog: root casa
sshlog: root operator
sshlog: root operator
sshlog: root football
sshlog: root admin1
sshlog: root abcd1234
sshlog: root redhat
sshlog: root oelinux123
sshlog: root oelinux123
sshlog: root a
sshlog: root 5up
sshlog: root rootroot
sshlog: root cisco
sshlog: root 123321
sshlog: root 123321
sshlog: root 1qaz2wsx
sshlog: root nimda
sshlog: root qwe123
sshlog: root root1234
sshlog: root 666666
sshlog: root 666666
sshlog: root 121212
sshlog: root pass
sshlog: root dreambox
sshlog: root 1qaz!QAZ
sshlog: root 1q2w3e4r
sshlog: root 1q2w3e4r
sshlog: root 31415926
sshlog: root asdf1234
sshlog: root permit
sshlog: root 123qwe
sshlog: root telnet
sshlog: root telnet
sshlog: root test123
sshlog: root synopass
sshlog: root qwerty
sshlog: root access
sshlog: root Mau'dib
sshlog: root Mau'dib
sshlog: root 1q2w3e
sshlog: root 1q2w3e4r5t
sshlog: root athens
sshlog: root 1234567
sshlog: root letacla
sshlog: root letacla
sshlog: root master
sshlog: root Cisco
sshlog: root BMWG&$sg82%*H$*89
sshlog: root blender
sshlog: root anko
sshlog: root anko
sshlog: root fivranne
sshlog: root welcome1
sshlog: root a123456
sshlog: router router
sshlog: sales sales
sshlog: scan scan
sshlog: service service
sshlog: shop shop
sshlog: sshd sshd
sshlog: steam steam
sshlog: steve steve
sshlog: student student
sshlog: super super
sshlog: super super123
sshlog: super 12345678
sshlog: super agent
sshlog: super root
sshlog: super 654321
sshlog: super 654321
sshlog: super sex
sshlog: super 987654321
sshlog: super 12345
sshlog: super test
sshlog: superman talent
sshlog: supervisor supervisor
sshlog: support support
sshlog: support support123
sshlog: support supportubnt
sshlog: support supportpw
sshlog: support 12345
sshlog: support 1qaz2wsx
sshlog: support 1qaz2wsx
sshlog: support 123456
sshlog: support suppor
sshlog: support
sshlog: support 1234
sshlog: support admin
sshlog: support admin
sshlog: svin svin
sshlog: svn svn
sshlog: Sweex Mysweex
sshlog: sys uplink
sshlog: sysadm anicust
sshlog: SYSADM sysadm
sshlog: sysadm sysadm
sshlog: sysadmin PASS
sshlog: sysadmin admin
sshlog: SYSDBA masterkey
sshlog: system password
sshlog: target password
sshlog: tech tech
sshlog: tech
sshlog: telco telco
sshlog: telecom telecom
sshlog: telecomadmin nE7jA%5m
sshlog: test test
sshlog: test 12345
sshlog: test 123456
sshlog: test test123
sshlog: test 1234
sshlog: test 123
sshlog: test 123
sshlog: test 111111
sshlog: test testtest
sshlog: test test1234
sshlog: test password
sshlog: test admin
sshlog: test admin
sshlog: test
sshlog: test default
sshlog: test9 test9
sshlog: testuser user
sshlog: testuser testuser
sshlog: testuser superman
sshlog: testuser passw0rd
sshlog: testuser ftp
sshlog: tomcat tomcat
sshlog: ts3 ts3
sshlog: ubadmin password
sshlog: ubnt ubnt
sshlog: ubnt 12345
sshlog: ubnt ubnt123
sshlog: ubnt admin
sshlog: ubnt 1234
sshlog: ubnt password
sshlog: ubnt password
sshlog: ubnt operator
sshlog: ubnt root
sshlog: ubnt client
sshlog: ubnt administrator
sshlog: ubnt admin123
sshlog: ubnt admin123
sshlog: ubnt master
sshlog: ubnt 159753
sshlog: ubnt trustno1
sshlog: ubnt shadow
sshlog: ubnt 987654321
sshlog: ubnt 987654321
sshlog: ubuntu ubuntu
sshlog: user user
sshlog: user user123
sshlog: user 1234
sshlog: user 12345
sshlog: user 123456
sshlog: user admin
sshlog: user admin
sshlog: user baseball
sshlog: user 1234567890
sshlog: user uucp
sshlog: user
sshlog: user password
sshlog: user password
sshlog: user welcome
sshlog: user 123
sshlog: User
sshlog: user 111111
sshlog: user 987654321
sshlog: user password123
sshlog: User Password
sshlog: user 123321
sshlog: user qwerty
sshlog: user test
sshlog: user ubnt
sshlog: user nopass
sshlog: user football
sshlog: user football
sshlog: user public
sshlog: user1
sshlog: user1 nopass
sshlog: user1 user1
sshlog: user1 1234
sshlog: USERID PASSW0RD
sshlog: username password
sshlog: usuario usuario
sshlog: uucp uucp
sshlog: uucp uucp123
sshlog: vcr NetVCR
sshlog: VNC winterm
sshlog: volition volition
sshlog: vt100 public
sshlog: VTech VTech
sshlog: vyatta vyatta
sshlog: webadmin webadmin
sshlog: webmaster webmaster
sshlog: zabbix zabbix
sshlog:  admin
sshlog:  _Cisco
sshlog:  0
sshlog:  password
sshlog:  10023
sshlog:  10023
sshlog:  0
sshlog:  1234
sshlog:  1064
sshlog:  0
sshlog:  1234admin
sshlog:  1234admin
sshlog:  166816
sshlog:  266344
sshlog:  3477
sshlog:  TANDBERG
sshlog:  3ascotel
sshlog:  3ascotel
sshlog: oracle 1234
sshlog: ubnt ubnt
sshlog: admin admin
sshlog: root root
sshlog: 1234 1234
sshlog: usuario usuario
sshlog: support support
sshlog: root admin
sshlog: admin 1234
sshlog: root ubuntu14svm
sshlog: admin 1111
sshlog: oracle oracle
sshlog: camera
sshlog: debian debian
sshlog: default default
sshlog: admin admin
sshlog: admin password
sshlog: admin default
sshlog: webmaster 1234
sshlog: root 3rzqa1e26v
sshlog: root root
sshlog: test test
sshlog: test 123456
sshlog: test password
sshlog: user user
sshlog: user 123456
sshlog: ftpuser ftpuser
sshlog: gpadmin gpadmin
sshlog: user1 user1
sshlog: root 112233
sshlog: manager manager
sshlog: mysql mysql
sshlog: mysql 123456
sshlog: client client
sshlog: ftp ftp
sshlog: client client
sshlog: squid 1234
sshlog: root root
sshlog: martin martin
sshlog: admin sysuser
sshlog: avahi avahi
sshlog: ubnt ubnt
sshlog: admin admin
sshlog: root root
sshlog: 1234 1234
sshlog: usuario usuario
sshlog: support support
sshlog: root admin
sshlog: admin 1234
sshlog: root ubuntu14svm
sshlog: admin 1111
sshlog: qhsupport qhsupport
sshlog: test2 test
sshlog: test test
sshlog: admin password
sshlog: root password
sshlog: root password123
sshlog: support support
sshlog: admin admin
sshlog: admin admin123
sshlog: admin admin1234
sshlog: root oelinux123
sshlog: root root
sshlog: telnet telnet
sshlog: ubuntu ubuntu
sshlog: ubnt ubnt
sshlog: root 1234
sshlog: user user
sshlog: upload upload
sshlog: pi raspberry
sshlog: root toor
sshlog: ubnt ubnt
sshlog: root xc3511
sshlog: root vizxv
sshlog: root admin
sshlog: admin admin
sshlog: root 888888
sshlog: root xmhdipc
sshlog: root default
sshlog: root juantech
sshlog: root 123456
sshlog: root 54321
sshlog: support support
sshlog: suporte suporte
sshlog: wp-user 1234
sshlog: root 123456789
sshlog: root 123
sshlog: nagios password
sshlog: admin password
sshlog: root root
sshlog: root admin
sshlog: ubnt ubnt
sshlog: root 123
sshlog: root 1234
sshlog: root 12345
sshlog: root 123456
sshlog: root 1234567
sshlog: root 12345678
sshlog: root 123456789
sshlog: root 1234567890
sshlog: root router
sshlog: root toor
sshlog: root password
sshlog: root oelinux123
sshlog: test2 test
sshlog: root passwd
sshlog: root pass
sshlog: support support@123
sshlog: jboss 1234
sshlog: danny danny
sshlog: admin admin
sshlog: support support
sshlog: user user
sshlog: root admin
sshlog: 1234 1234
sshlog: root root
sshlog: anonymous any@
sshlog: admin 1234
sshlog: ubnt ubnt
sshlog: uucp uucp
sshlog: sshd sshd
sshlog: admin password
sshlog: cisco cisco
sshlog: test test
sshlog: guest guest
sshlog: user 1234
sshlog: operator operator
sshlog: root 12qwsazx
sshlog: root xmhdipc
sshlog: root 0000
sshlog: root root
sshlog: root 1234
sshlog: root 1234
sshlog: root uClinux
sshlog: default default
sshlog: ftp 123456
sshlog: musikbot musikbot123
sshlog: admin admin
sshlog: lu 12 12 12
sshlog: default default
sshlog: ftp 123456
sshlog: nagios nagiosnagios
sshlog: root admin
sshlog: root root
sshlog: operator operator
sshlog: osmc osmc
sshlog: nobody nobody
sshlog: root 12
sshlog: root 1
sshlog: root 1
sshlog: root 123
sshlog: root 123456
sshlog: root 123456
sshlog: root 123456
sshlog: root 123456
sshlog: root 12
sshlog: devop devop
sshlog: root Password
sshlog: arkserver p@ssw0rd
sshlog: support support@123
sshlog: sales sales
sshlog: ftp_test 1234
sshlog: demo demo1234
sshlog: root root
sshlog: admin admin
sshlog: user1 user1
sshlog: sybase sybase123
sshlog: max max
sshlog: team t3am
sshlog:  2
sshlog:  3
sshlog: ftp_test 12345678
sshlog: qhsupport 1234
sshlog: spotlight spotlight123
sshlog: ftpuser 12345678
sshlog: knox 123456
sshlog: test1 test1
sshlog: test3 test3
sshlog: root root123
sshlog: root root321
sshlog: root 321
sshlog: root pass
sshlog: applmgr applmgr@1234
sshlog: root qwerty
sshlog: root 111111
sshlog: sybsrj sybsrj
sshlog: oracle oracle
sshlog: user user
sshlog: jira jira
sshlog: ubnt ubnt
sshlog: admin admin
sshlog: root root
sshlog: uftp uftp
sshlog: testuser testuser
sshlog: zhouh zhouh
sshlog: root q1w2e3
sshlog: pul pul
sshlog: postgres 1234567
sshlog: server server
sshlog: admin admin@123
sshlog: git git
sshlog: nagios nagios
sshlog: castis 123456
sshlog: cloud 123456
sshlog: operator operator
sshlog: osmc osmc
sshlog: cacti cacti@123
sshlog: root root
sshlog: root password
sshlog: root 123456
sshlog: root qwerty
sshlog: eoor P@ssw0rd
sshlog: root p@ssw0rd
sshlog: root pa55w0rd
sshlog: root passw0rd
sshlog: root 1q2w3e
sshlog: root abc123
sshlog: root abcd1234
sshlog: oracle oracle
sshlog: test test
sshlog: root 111111
sshlog: root P@ssw0rd
sshlog: nagios 111111
sshlog: oracle oracle
sshlog: oracle 123456
sshlog: oracle 111111
sshlog: oracle p@ssw0rd
sshlog: oracle P@ssw0rd
sshlog: oracle redhat
sshlog: zimbra zimbra
sshlog: vision vision
sshlog: postgres postgres123
sshlog: martin martin
sshlog: user1 123456
sshlog: phion 123
sshlog: sybase 123456
sshlog: wp-user wp-user
sshlog: oracle4 oracle4
sshlog: root ====================
sshlog: root fulgercsmode123
sshlog: root S@o3l vm4cn!tv
sshlog: root H0m3l4b1t
sshlog: root YESH0m3l4b1
sshlog: root icinga2
sshlog: root w5P/Vvrg
sshlog: syslog syslog
sshlog: syslog joinUS!@1
sshlog: butter flyth3butt3r
sshlog: butter monet@verde$
sshlog: butter romasuedia
sshlog: butter xuelp123
sshlog: VM lol123
sshlog: bitcoin bitcoin
sshlog: bitcoin bitcoin123
sshlog: root magnnum12345magnnummiedordecarca11
sshlog: root ababablkljkjhghfgdfdgjhkfdgfhghfgfgqqqqqqwwwwwwgqqqqqqababab
sshlog: x cefacebajatu
sshlog: root daryefluder
sshlog: lfp romasuedia
sshlog: butter Lel786!
sshlog: root xjhlove+-0
sshlog: webmaster 1234
sshlog: setup 123456
sshlog: oracle 1234567
sshlog: ftpuser asteriskftp
sshlog: root admin
sshlog: root root
sshlog: support 111111111
sshlog: odoo odoo
sshlog: nagios nagios
sshlog: guest guest
sshlog: odoo odoo123
sshlog: nagios nagios123
sshlog: nagios 123456
sshlog: odoo p@ssw0rd
sshlog: matt matt
sshlog: nagios qwerty
sshlog: system system
sshlog: nagios radiobest
sshlog: sentry sentry
sshlog: ubuntu ubuntu
sshlog: nagios 1234
sshlog: baidu baidu
sshlog: nagios 123
sshlog: vultr vultr
sshlog: nagios password
sshlog: test test
sshlog: wordpress wordpress
sshlog: nagios 123456789
sshlog: wordpress wordpress123
sshlog: nagios 1qaz2wsx
sshlog: postgres postgres
sshlog: wordpress p@ssw0rd
sshlog: nagios 1q2w3e4r
sshlog: vultr 123456
sshlog: nagios 1qaz@WSX
sshlog: vultr p@ssw0rd
sshlog: oracle oracle
sshlog: oracle oracle
sshlog: oracle oracle123
sshlog: apache apache
sshlog: ubnt ubnt
sshlog: admin admin
sshlog: serverpilot serverpilot
sshlog: dev dev
sshlog: root root
sshlog: oracle 123456
sshlog: 1234 1234
sshlog: usuario usuario
sshlog: support support
sshlog: root admin
sshlog: admin 1234
sshlog: root ubuntu14svm
sshlog: admin 1111
sshlog: odoo 123456
sshlog: oracle 111111
sshlog: oracle 123456789
sshlog: user user
sshlog: hadoop hadoop
sshlog: sshvpn sshvpn
sshlog: oracle qwerty
sshlog: oracle 123
sshlog: server-pilotuser server-pilotuser
sshlog: user user
sshlog: oracle 1234
sshlog: server-pilotuser 123
sshlog: houx houx
sshlog: oracle password
sshlog: server-pilotuser 321
sshlog: alex alex
sshlog: oracle 1q2w3e4r
sshlog: server-pilotuser password
sshlog: oracle 1qaz2wsx
sshlog: jira jira
sshlog: server-pilotuser 123456
sshlog: root 123456
sshlog: oracle oracle!@#
sshlog: user1 user1
sshlog: oracle 1qaz@WSX
sshlog: root 1234567
sshlog: root 12345678
sshlog: oracle 123!@#
sshlog: userftp userftp
sshlog: oracle 0r4cl3
sshlog: root 123456789
sshlog: tomcat tomcat
sshlog: root p@ssw0rd
sshlog: administrator administrator
sshlog: tomcat tomcat123
sshlog: root passw0rd
sshlog: root p@ssword
sshlog: tomcat 123456
sshlog: ftp ftp
sshlog: root abc123
sshlog: tomcat qwerty
sshlog: csgoserver csgoserver
sshlog: root 1q2w3e
sshlog: jenkins jenkins
sshlog: root password
sshlog: csgoserver csgoserver123
sshlog: root redhat
sshlog: csgoserver 123456
sshlog: digital digital
sshlog: csgoserver qwerty
sshlog: sysbackup sysbackup
sshlog: sysbackup 123
sshlog: ubuntu ubuntu
sshlog: digitalocean digitalocean
sshlog: ubuntu ubuntu123
sshlog: sysbackup 321
sshlog: sysbackup password
sshlog: black black
sshlog: ubuntu 123456
sshlog: ubuntu qwerty
sshlog: sysbackup 123456
sshlog: choopa choopa
sshlog: sshvpn 123456
sshlog: debian debian
sshlog: sshvpn p@ssw0rd
sshlog: debian debian123
sshlog: cssserver cssserver
sshlog: serverpilot 123456
sshlog: nagios gandalf
sshlog: debian 123456
sshlog: serverpilot p@ssw0rd
sshlog: debian qwerty
sshlog: mongo mongo
sshlog: user1 user1
sshlog: zabbix zabbix
sshlog: user1 123456
sshlog: zabbix zabbix123
sshlog: wpyan wpyan
sshlog: vision vision
sshlog: user2 user2
sshlog: zabbix 123456
sshlog: user3 user3
sshlog: zabbix qwerty
sshlog: ec2-user ec2-user
sshlog: backup backup
sshlog: test test
sshlog: ts3 ts3
sshlog: test password
sshlog: developer developer
sshlog: vivian vivian
sshlog: test 123
sshlog: spark spark
sshlog: server server
sshlog: test test123
sshlog: gpadmin gpadmin
sshlog: test 123456
sshlog: hadoop hadoop
sshlog: tomcat tomcat
sshlog: test qwerty
sshlog: marsboard marsboard
sshlog: test1 test1
sshlog: upload upload
sshlog: wiki wiki
sshlog: test1 test123
sshlog: wiki kiwi
sshlog: test1 123
sshlog: info info
sshlog: ocadmin ocadmin
sshlog: test1 test1123
sshlog: srvback srvback
sshlog: default default
sshlog: test1 123456
sshlog: advent advent
sshlog: test1 qwerty
sshlog: mc mc
sshlog: john john
sshlog: php php
sshlog: minecraft minecraft
sshlog: php php123
sshlog: chef chef
sshlog: backup backup
sshlog: php qwerty
sshlog: data data
sshlog: biz biz
sshlog: cron cron
sshlog: mysql mysql
sshlog: biz biz123
sshlog: root root
sshlog: testuser testuser
sshlog: biz 123456
sshlog: root root123
sshlog: biz qwerty
sshlog: oracle oracle
sshlog: ghost ghost
sshlog: a a
sshlog: linux linux
sshlog: zeus zeus
sshlog: a a123
sshlog: linux linux123
sshlog: a 123456
sshlog: www www
sshlog: ftpuser ftpuser
sshlog: steam steam
sshlog: a qwerty
sshlog: julien julien
sshlog: steam 12345
sshlog: gpadmin gpadmin
sshlog: julien julien123
sshlog: steam 123456
sshlog: julien 123456
sshlog: steam server
sshlog: vagrant vagrant
sshlog: julien qwerty
sshlog: steam steamserver
sshlog: steamserver steam
sshlog: dario dario
sshlog: redmine redmine
sshlog: steamserver steamserver
sshlog: dario dario123
sshlog: kafka kafka
sshlog: dario 123456
sshlog: hdduser hdduser
sshlog: ec2-user ec2-user
sshlog: dario qwerty
sshlog: usuarios usuarios
sshlog: hadoop hadoop
sshlog: hduser hduser
sshlog: root zaq1xsw2cde3vfr4
sshlog: root zaqxsw
sshlog: root zcadqe
sshlog: root zero
sshlog: root zeus
sshlog: root zidane
sshlog: root zoro
sshlog: root zxcasdqwe
sshlog: root zxcasdqwe123
sshlog: root zxcdsaqwe321
sshlog: root zxcvb
sshlog: root zxcvbn
sshlog: root zxcvbnm
sshlog: root ~!@
sshlog: root0 root0
sshlog: root1 root1
sshlog: root2 root2
sshlog: root3 root3
sshlog: root4 root4
sshlog: root5 root5
sshlog: rootalias 123456
sshlog: rootalias admin
sshlog: rootalias password
sshlog: rootalias rootalias
sshlog: roy 123456
sshlog: roy roy123
sshlog: rpc rpc
sshlog: rpcuser rpcuser
sshlog: rpm rpm
sshlog: sales 1234
sshlog: sales 123456
sshlog: sales password
sshlog: sales sales
sshlog: sales sales123
sshlog: prueba prueba
sshlog: sam 123456
sshlog: sam sam
sshlog: samba 123456
sshlog: samba samba
sshlog: samba samba123
sshlog: samp 123456
sshlog: sara sara
sshlog: scan scan
sshlog: scanner scanner
sshlog: scarab scarab
sshlog: scarab scarab123
sshlog: search search
sshlog: sebastian sebastian
sshlog: secret secret
sshlog: securityagent securityagent
sshlog: hadoop 123
sshlog: send send
sshlog: cron test
sshlog: solr solr
sshlog: hadoop 1234
sshlog: auth auth
sshlog: hadoop 123456789
sshlog: chef chef
sshlog: ubuntu ubuntu
sshlog: hadoop password
sshlog: back_newshops back_newshops
sshlog: uftp uftp
sshlog: hadoop 1q2w3e4r
sshlog: back_newshops back_newshops123
sshlog: hadoop 1qaz2wsx
sshlog: tomcat tomcat
sshlog: server server
sshlog: hadoop 1qaz@WSX
sshlog: nagios nagios
sshlog: hadoop hadoop123
sshlog: nagios 1qaz2wsx
sshlog: vps vps
sshlog: hadoop 123456
sshlog: nagios 1qaz@WSX
sshlog: hadoop qwerty
sshlog: nagios 1234qwer
sshlog: nagios 12345qwert
sshlog: public public
sshlog: nagios 12qwaszx
sshlog: public public123
sshlog: nagios xzsawq21
sshlog: public 123456
sshlog: nagios password
sshlog: public qwerty
sshlog: deploy deploy
sshlog: vnc vnc
sshlog: deploy deploy123
sshlog: vnc vnc123
sshlog: deploy 123456
sshlog: vnc 123456
sshlog: deploy 111111
sshlog: vnc qwerty
sshlog: deploy 1qaz2wsx
sshlog: openvpn openvpn
sshlog: deploy 1qaz@WSX
sshlog: ftp_test 123456
sshlog: openvpn openvpn123
sshlog: deploy 1234qwer
sshlog: openvpn 123456
sshlog: deploy 12345qwert
sshlog: deploy 12qwaszx
sshlog: openvpn qwerty
sshlog: mythtv mythtv
sshlog: deploy xzsawq21
sshlog: tom password
sshlog: deploy password
sshlog: tom tom
sshlog: deploy Admin123
sshlog: tom tom123
sshlog: deploy Admin1234
sshlog: tom 123456
sshlog: postgres postgres
sshlog: tom qwerty
sshlog: postgres postgres123
sshlog: postgres 123456
sshlog: freebsd freebsd
sshlog: postgres 111111
sshlog: freebsd freebsd123
sshlog: postgres 1qaz2wsx
sshlog: freebsd 123456
sshlog: postgres 1qaz@WSX
sshlog: freebsd qwerty
sshlog: postgres 1234qwer
sshlog: bin bin
sshlog: postgres 12345qwert
sshlog: bin bin123
sshlog: postgres Admin123
sshlog: bin 123456
sshlog: postgres Admin1234
sshlog: ftpuser ftpuser
sshlog: bin qwerty
sshlog: ftpuser 123456
sshlog: bin worlddomination
sshlog: ftpuser 1234567
sshlog: shoutcast shoutcast
sshlog: ftpuser Admin123
sshlog: shoutcast shoutcast123
sshlog: ftpuser Admin1234
sshlog: shoutcast 123456
sshlog: ftpuser 1qaz2wsx
sshlog: shoutcast qwerty
sshlog: ftpuser 1qaz@WSX
sshlog: daemon daemon
sshlog: git git
sshlog: daemon daemon123
sshlog: git git123
sshlog: root question
sshlog: root Welcome001
sshlog: root P@ssW02d
sshlog: root 1qaz12341qaz
sshlog: root QWERASDFZXCV
sshlog: root Pa55wordp
sshlog: root 1qwertgb1qaz
sshlog: root p@svord
sshlog: root Qa93.0147
sshlog: root teeth
sshlog: root lovelong2233
sshlog: root spooky
sshlog: root F5996651FA46C4AE
sshlog: root r3c3p7i0n
sshlog: root P4$sw0rd
sshlog: root PAs$word1
sshlog: root P@$$@wOrd
sshlog: root supp0rt55
sshlog: root P@55w0rd.7890
sshlog: root $ecur1ty
sshlog: root Qwerty*
sshlog: root 1qaz2WSX3edc
sshlog: root !@@QW
sshlog: root easy
sshlog: root nopass
sshlog: root ch@ng3m3
sshlog: root shabi250a
sshlog: root !Pa$$w0rd!
sshlog: root Asdf123456.
sshlog: root Admin!@#$%^
sshlog: root .369
sshlog: root underdog
sshlog: root aA123456789
sshlog: root P@Ssword
sshlog: root username123
sshlog: root qweasdzx
sshlog: root P@$$123
sshlog: root danger
sshlog: root 123qwerty
sshlog: root abc000
sshlog: root 2WSX@1QAZ
sshlog: root P@$$w00rd
sshlog: root 123@123a
sshlog: root 1QAZ2WSX123
sshlog: root monday
sshlog: root Passw0rd1qa
sshlog: root PAs5wOrd123
sshlog: root 34196362
sshlog: root 1qasdfv!QAZ
sshlog: root P@ssw0rd.876
sshlog: root 1q2w3e4r5t6y7u8i9o
sshlog: root adm1n!@#
sshlog: root Admin*&^123
sshlog: root 1234zxcv
sshlog: root P@$$w0rd@0
sshlog: root catch22
sshlog: root Abc12345678
sshlog: root 123,.
sshlog: root roots
sshlog: root cooking@$&
sshlog: root QWER
sshlog: root !@#QWE123!@#
sshlog: root asd321
sshlog: root QWERTY6YHN
sshlog: root zxcasdqwe123
sshlog: root P@$$w0rdp1234
sshlog: root chat
sshlog: root 111qqq!!!
sshlog: root Server@123
sshlog: root freedom
sshlog: root Server#2012
sshlog: root ycw1234!@#$
sshlog: root abc123$
sshlog: root Passw0rd545454
sshlog: root Admin@1234
sshlog: root Admin%TGB1
sshlog: root 2wsx#EDC$RFV
sshlog: root ABCD)1234
sshlog: root win@2003
sshlog: root 1q2w3e4r5t'
sshlog: root !QAZ1231zxc
sshlog: root Password!!@@##
sshlog: root Qwerty!QAZ1qaz
sshlog: root Admin000
sshlog: root 13245abcde
sshlog: root *&^%4321
sshlog: root p?ssword
sshlog: root win@2019
sshlog: root douniwana
sshlog: root !@#$%^@qwerty
sshlog: root Welcome4
sshlog: root pa55w0rd!
sshlog: root !2345
sshlog: root Abc123!@#
sshlog: root !@#QAZXSW
sshlog: root 123ASDqaz@123
sshlog: root Password..
sshlog: root PALLADIUM
sshlog: root P@55word_.1
sshlog: root library
sshlog: root Pass.word
sshlog: root info321
sshlog: root 2WSX_1QAZ
sshlog: root 123!@#123!@#
sshlog: root question
sshlog: root y4yhl9t
sshlog: root 123!@#$
sshlog: root avahi
sshlog: root Admin12345
sshlog: root Qa963741852
sshlog: root `qaz1wsx
sshlog: root Passw0rd_789
sshlog: root 9630
sshlog: root admin001
sshlog: root welcome1234
sshlog: root 4c4d3mi4
sshlog: root Pa$$s0rd!@#
sshlog: root admin123!
sshlog: root Admin#1qaz
sshlog: root !Qazxsw@
sshlog: root Pass.2wsx
sshlog: root Password.22
sshlog: root R00tAdmin
sshlog: root aabb1122
sshlog: root 1Q2W3E4R
sshlog: root Qa*963.*963.
sshlog: root !@#$%Qwert
sshlog: root !QAZ3edc%TGB
sshlog: root Passwd2005
sshlog: root P@$$w0rd333
sshlog: root Gu3stus3r123
sshlog: root YoVK5YqR
sshlog: root PA$sword123
sshlog: root BestServer
sshlog: daemon 123456
sshlog: git 123456
sshlog: git 1234567
sshlog: daemon qwerty
sshlog: git 12345678
sshlog: sys sys
sshlog: git Admin123
sshlog: sys sys123
sshlog: git Admin1234
sshlog: sys 123456
sshlog: git 1qaz@WSX
sshlog: sys qwerty
sshlog: git 1qaz2wsx
sshlog: sync sync
sshlog: vagrant vagrant
sshlog: sync sync123
sshlog: vagrant vagrant123
sshlog: vagrant 123456
sshlog: sync 123456
sshlog: gopher gopher
sshlog: vagrant 1234567
sshlog: sync qwerty
sshlog: vagrant Admin123
sshlog: games games
sshlog: vagrant Admin1234
sshlog: games games123
sshlog: vagrant 1qaz@WSX
sshlog: games 123456
sshlog: vagrant 1qaz2wsx
sshlog: games qwerty
sshlog: jenkins jenkins
sshlog: man man
sshlog: jenkins jenkins123
sshlog: jenkins 123456
sshlog: man man123
sshlog: postmaster postmaster
sshlog: jenkins 1234567
sshlog: man 123456
sshlog: jenkins 1qaz@WSX
sshlog: man qwerty
sshlog: jenkins 1qaz2wsx
sshlog: lp lp
sshlog: jenkins Admin123
sshlog: admin admin
sshlog: support support
sshlog: user user
sshlog: root admin
sshlog: 1234 1234
sshlog: root root
sshlog: anonymous any@
sshlog: admin 1234
sshlog: ubnt ubnt
sshlog: uucp uucp
sshlog: sshd sshd
sshlog: admin password
sshlog: cisco cisco
sshlog: test test
sshlog: guest guest
sshlog: user 1234
sshlog: operator operator
sshlog: admin default
sshlog: root 12345
sshlog: admin admin123
sshlog: admin 12345
sshlog: admin 123456
sshlog: ftp ftp
sshlog: monitor monitor
sshlog: ftpuser asteriskftp
sshlog: pi raspberry
sshlog: PlcmSpIp PlcmSpIp
sshlog: Management TestingR2
sshlog: root password
sshlog: ftpuser ftpuser
sshlog: jenkins Admin1234
sshlog: lp lp123
sshlog: test test
sshlog: lp 123456
sshlog: test test123
sshlog: lp qwerty
sshlog: test 123456
sshlog: proxy proxy
sshlog: test 1234567
sshlog: nagios 1234
sshlog: test 12345678
sshlog: proxy proxy123
sshlog: root root
sshlog: test Admin123
sshlog: proxy 123456
sshlog: test Admin1234
sshlog: ftpuser ftpuser123
sshlog: ubnt ubnt
sshlog: admin admin
sshlog: root root
sshlog: 1234 1234
sshlog: usuario usuario
sshlog: support support
sshlog: root admin
sshlog: admin 1234
sshlog: root ubuntu14svm
sshlog: admin 1111
sshlog: proxy qwerty
sshlog: test10 test10
sshlog: test1 123456
sshlog: mc mc
sshlog: test 1qaz@WSX
sshlog: mc mc123
sshlog: test 1qaz2wsx
sshlog: mc 123456
sshlog: test 123456
sshlog: admin admin
sshlog: castis password
sshlog: root root
sshlog: ubnt ubnt
sshlog: postgres Postgres123
sshlog: test test
sshlog: firebird 123456
sshlog: support support
sshlog: telecomadmin nE7jA%5m
sshlog: test test
sshlog: guest guest
sshlog: postgres postgres@123
sshlog: fctrserver fctrserver1
sshlog: root root@1234
sshlog: a a
sshlog: git 123
sshlog: fox fox
sshlog: 1 1
sshlog: 2 2
sshlog: bob bob
sshlog: 1234 1234
sshlog: 123456 123456
sshlog: root root
sshlog: oracle oracle
sshlog: hadoop hadoop
sshlog: git git
sshlog: informix informix
sshlog: postgres postgres
sshlog: test test
sshlog: testuser testuser
sshlog: guest guest
sshlog: admin motorola
sshlog: admin changeme
sshlog: admin 1111
sshlog: admin admin1234
sshlog: admin 1111
sshlog: admin password
sshlog: admin admin
sshlog: admin 12345
sshlog: admin pfsense
sshlog: admin admin
sshlog: ftpadmin ftpadmin
sshlog: hexer hexer
sshlog: admin sysuser
sshlog: ali ali
sshlog: ali password
sshlog: ali 123456
sshlog: hexer password
sshlog: test 1234567
sshlog: hexer 123456
sshlog: test test
sshlog: matt matt
sshlog: ogp_agent ogp_agent
sshlog: csgo csgo
sshlog: csgoserver csgoserver
sshlog: db2inst1 db2inst1
sshlog: db2inst1 123456
sshlog: db2inst1 password
sshlog: myvirtualserver myvirtualserver
sshlog: webssh webssh
sshlog: flashlight flashlight
sshlog: sysslog sysslog
sshlog: sysslog 123456
sshlog: sysslog password
sshlog: sysslog qwerty
sshlog: developer developer
sshlog: ts3server server
sshlog: appccg appccg123
sshlog: ts3server ts3server
sshlog: vncserver vncserver
sshlog: ddo ddo
sshlog: ddo password
sshlog: ddo 123456
sshlog: ddo qwerty
sshlog: j4m j4m
sshlog: j4m 123456
sshlog: j4m password
sshlog: j4m P@ssw0rd
sshlog: deployer deployerdeployer
sshlog: j4m qwerty
sshlog: j4m 111111
sshlog: root wubao
sshlog: root wubao
sshlog: root wubao
sshlog: root wubao
sshlog: root wubao
sshlog: root admin
sshlog: root root
sshlog: root alpine
sshlog: root 123456
sshlog: root mduadmin
sshlog: root mduadmin
sshlog: root superuser
sshlog: root calvin
sshlog: root root123
sshlog: root password
sshlog: root 000000
sshlog: root public
sshlog: root raspberry
sshlog: root admin123
sshlog: root P@ssw0rd
sshlog: root P@ssw0rd
sshlog: root woofwoof
sshlog: root toor
sshlog: root casa
sshlog: root 12345678
sshlog: root lab123
sshlog: root passw0rd
sshlog: root root@123
sshlog: root 1234
sshlog: root admin@123
sshlog: root admin@123
sshlog: root abc123
sshlog: root 111111
sshlog: root cisco123
sshlog: root jiamima
sshlog: root 12345
sshlog: root aqua
sshlog: root default
sshlog: root 123
sshlog: root pi
sshlog: root pi
sshlog: root abcd1234
sshlog: root test
sshlog: root 1
sshlog: root changeme
sshlog: root Huawei@123
sshlog: root 1qaz@WSX
sshlog: root wsad
sshlog: root cisco
sshlog: root redhat
sshlog: root redhat
sshlog: root huawei123
sshlog: root 1qaz2wsx
sshlog: root root1234
sshlog: root rootroot
sshlog: root bluetooth
sshlog: root Aa123456
sshlog: root 123456789
sshlog: root adminpassword
sshlog: root 1qaz!QAZ
sshlog: root 1qaz!QAZ
sshlog: root passwd123
sshlog: root P@ssw0rd!
sshlog: root 1234qwer
sshlog: root 1986
sshlog: root athens
sshlog: root oracle
sshlog: root ubuntu
sshlog: root server
sshlog: root qwer1234
sshlog: root qwer1234
sshlog: root 123qwe
sshlog: root linux
sshlog: root !51@hw#deb
sshlog: root 392
sshlog: root centos
sshlog: just4metin just4metin
sshlog: root qwe123
sshlog: root pass
sshlog: root insight
sshlog: root 1q2w3e4r
sshlog: root 1q2w3e4r
sshlog: root !QAZ2wsx
sshlog: root 0
sshlog: root a123123
sshlog: root Password1
sshlog: root 4rfv$RFV
sshlog: root 123123
sshlog: root !root
sshlog: root eclipse
sshlog: root sysadmin
sshlog: root sysadmin
sshlog: root vmware
sshlog: root abc@123
sshlog: root !#%&
sshlog: root test1234
sshlog: root tslinux
sshlog: root welcome1
sshlog: root Pa$$w0rd
sshlog: root !qazxsw2
sshlog: root dd
sshlog: root dd
sshlog: root master
sshlog: root qwe123!@#
sshlog: root Welcome123
sshlog: root test123
sshlog: root 1qazxsw2
sshlog: root abcd
sshlog: root a
sshlog: root welcome
sshlog: root ubnt
sshlog: just4metin 123456
sshlog: just4metin password
sshlog: just4metin P@ssw0rd
sshlog: just4metin qwerty
sshlog: just4metin 111111
sshlog: lost+found lost+found
sshlog: lost+found password
sshlog: lost+found 123456
sshlog: lost+found qwerty
sshlog: hong hong
sshlog: ubnt ubnt
sshlog: admin admin
sshlog: root root
sshlog: 1234 1234
sshlog: usuario usuario
sshlog: support support
sshlog: hong 123123
sshlog: root admin
sshlog: admin 1234
sshlog: root ubuntu14svm
sshlog: admin 1111
sshlog: hong password
sshlog: hong P@ssw0rd
sshlog: hong 123456
sshlog: hong qwerty
sshlog: kensuke kensuke
sshlog: kensuke 123123
sshlog: kensuke 123456
sshlog: kensuke password
sshlog: kensuke P@ssw0rd
sshlog: kensuke qwerty
sshlog: goldenplanet goldenplanet
sshlog: goldenplanet 123123
sshlog: goldenplanet password
sshlog: suporte suportepass
sshlog: phion 123456
sshlog: goldenplanet P@ssw0rd
sshlog: goldenplanet 123456
sshlog: goldenplanet qwerty
sshlog: image image
sshlog: image 123123
sshlog: image password
sshlog: image P@ssw0rd
sshlog: image 123123
sshlog: image qwerty
sshlog: su su
sshlog: su 123123
sshlog: su password
sshlog: su P@ssw0rd
sshlog: su 123456
sshlog: su qwerty
sshlog: yum yum
sshlog: yum qwerty
sshlog: yum password
sshlog: mongouser 123456
sshlog: yum 123456
sshlog: yum 111111
sshlog: ticket ticket
sshlog: ticket password
sshlog: ticket 123456
sshlog: ticket qwerty
sshlog: 11g 11g
sshlog: 11g 111111
sshlog: 11g password
sshlog: 11g 123456
sshlog: jack 123456
sshlog: 11g qwerty
sshlog: weblogic weblogic
sshlog: weblogic 123456
sshlog: weblogic password
sshlog: root admin
sshlog: root password
sshlog: root root
sshlog: root antslq
sshlog: root xc3511
sshlog: root vizxv
sshlog: admin admin
sshlog: admin admin123
sshlog: test test
sshlog: guest guest
sshlog: user user
sshlog: admin 1234
sshlog: admin 12345
sshlog: admin password
sshlog: pi raspberry
sshlog: telnet telnet
sshlog: support support
sshlog: daemon daemon
sshlog: supervisor zyad1234
sshlog: user 1
sshlog: daemon password
sshlog: daemon 123456
sshlog: wordpress wordpress
sshlog: wordpress 123456
sshlog: test testpass
sshlog: wordpress qwerty
sshlog: wordpress password
sshlog: wordpress P@ssw0rd
sshlog: wordpress 111111
sshlog: cagsshpure1991 cagsshpure1991
sshlog: vagrant vagrant
sshlog: vagrant 123456
sshlog: support support
sshlog: vagrant password
sshlog: mc mc
sshlog: mc password
sshlog: mc 123456
sshlog: mc 111111
sshlog: root welc0me
sshlog: root seiko2005
sshlog: root password
sshlog: root admintrup
sshlog: root ubnt
sshlog: root anko
sshlog: root nosoup4u
sshlog: root 111111
sshlog: root 12345
sshlog: root 123456
sshlog: demo demo
sshlog: software software
sshlog: software password
sshlog: software 123456
sshlog: ftp password
sshlog: info info
sshlog: pawel pawel
sshlog: saleh saleh
sshlog: root xc3511
sshlog: root vizxv
sshlog: root admin
sshlog: admin admin
sshlog: root 888888
sshlog: root xmhdipc
sshlog: root default
sshlog: root juantech
sshlog: root 123456
sshlog: root 54321
sshlog: support support
sshlog: root password123
sshlog: saleh 123456
sshlog: saleh password
sshlog: saleh wqerty
sshlog: test1 test1
sshlog: saleh P@ssw0rd
sshlog: test2 test2
sshlog: cprestore cprestore
sshlog: cprestore P@ssw0rd
sshlog: test3 test3
sshlog: cprestore qwerty
sshlog: weblogic weblogic
sshlog: root root123
sshlog: cprestore 123456
sshlog: cprestore password
sshlog: root root321
sshlog: tatal tatal
sshlog: root 123
sshlog: tatal P@ssw0rd
sshlog: root 321
sshlog: tatal qwerty
sshlog: tatal 123456
sshlog: root pass
sshlog: david david
sshlog: root qwerty
sshlog: root password
sshlog: support support
sshlog: telecomadmin nE7jA%5m
sshlog: root 111111
sshlog: user 11
sshlog: squid 123
sshlog: postgres postgres
sshlog: oracle oracle
sshlog: user user
sshlog: wpyan wpyan
sshlog: jira jira
sshlog: vps vps
sshlog: vboxuser vbox
sshlog: uftp uftp
sshlog: testuser testuser
sshlog: zhouh zhouh
sshlog: pul pul
sshlog: yuanwd yuanwd
sshlog: server server
sshlog: hadoop hadoop
sshlog: git git
sshlog: deploy deploy
sshlog: test test
sshlog: oracle oracle
sshlog: oracle password
sshlog: oracle admin
sshlog: oracle root
sshlog: oracle oracle123
sshlog: oracle password123
sshlog: test test
sshlog: admin admin
sshlog: root admin
sshlog: root password
sshlog: oracle oracleadmin
sshlog: nagios nagios
sshlog: postgres postgres
sshlog: mysql mysql
sshlog: mysql mysql123
sshlog: mysql password
sshlog: nagios password
sshlog: oracle 123456
sshlog: root 123456
sshlog: nagios 123456
sshlog: hadoop hadoop
sshlog: hadoop password
sshlog: hadoop hadoop123
sshlog: hadoop 123456
sshlog: root hadoop
sshlog: test password
sshlog: test test123
sshlog: cashier cashier
sshlog: nagios nagiosnagios
sshlog: git passwd
sshlog: git password
sshlog: git git
sshlog: git 123456
sshlog: gpadmin gpadmin
sshlog: dspace dspace
sshlog: java java
sshlog: java password
sshlog: tomcat tomcat
sshlog: tomcat tomcat123
sshlog: tomcat admin
sshlog: tomcat password
sshlog: sap sap
sshlog: sap sap123
sshlog: sap password
sshlog: weblogic weblogic
sshlog: weblogic weblogic123
sshlog: weblogic admin
sshlog: weblogic password
sshlog: weblogic 123456
sshlog: user user
sshlog: user password
sshlog: user admin
sshlog: user 123456
sshlog: user 111111
sshlog: zabbix zabbix
sshlog: zabbix zabbix123
sshlog: hdfs hdfs
sshlog: hduser hduser
sshlog: solr solr
sshlog: install install
sshlog: nginx nginx
sshlog: ubuntu ubuntu
sshlog: nagios nagios
sshlog: guest guest
sshlog: ftpadmin ftpadmin
sshlog: weblogic weblogic
sshlog: mysql mysql
sshlog: apache apache
sshlog: postgres 123456
sshlog: scaner scaner
sshlog: postgres 654321
sshlog: castis castis
sshlog: postgres 123
sshlog: cacti 1234
sshlog: postgres 321
sshlog: postgres test
sshlog: postgres test123
sshlog: artur artur
sshlog: postgres test321
sshlog: postgres password
sshlog: postgres passwd
sshlog: postgres pass
sshlog: postgres P@ssw0rd
sshlog: postgres qwe123
sshlog: postgres qwer1234
sshlog: postgres password123
sshlog: postgres qwerty123456
sshlog: postgres 1234qwer
sshlog: postgres 123qwe
sshlog: postgres passpass
sshlog: postgres pass123
sshlog: postgres pass1234
sshlog: postgres wasd
sshlog: postgres qwerty
sshlog: postgres q1w2e3
sshlog: postgres q1w2e3r4
sshlog: postgres 1q2w3e
sshlog: nagios winner
sshlog: postgres 1q2w3e4r
sshlog: postgres 111111
sshlog: postgres qwerty123
sshlog: spark sparkpass
sshlog: postgres 123321
sshlog: postgres 321123
sshlog: postgres p@ssw0rd
sshlog: oracle 123456
sshlog: ftp1 123456
sshlog: oracle 654321
sshlog: oracle 123
sshlog: oracle 321
sshlog: oracle test
sshlog: oracle test123
sshlog: oracle test321
sshlog: oracle password
sshlog: oracle passwd
sshlog: oracle pass
sshlog: oracle P@ssw0rd
sshlog: oracle qwe123
sshlog: oracle qwer1234
sshlog: oracle password123
sshlog: oracle qwerty123456
sshlog: ubnt ubnt
sshlog: admin admin
sshlog: root root
sshlog: 1234 1234
sshlog: oracle 1234qwer
sshlog: usuario usuario
sshlog: support support
sshlog: root admin
sshlog: admin 1234
sshlog: root ubuntu14svm
sshlog: admin 1111
sshlog: oracle 123qwe
sshlog: arkserver 123456
sshlog: oracle passpass
sshlog: oracle pass123
sshlog: oracle pass1234
sshlog: tkm tkm
sshlog: oracle wasd
sshlog: oracle qwerty
sshlog: oracle q1w2e3
sshlog: oracle q1w2e3r4
sshlog: oracle 1q2w3e
sshlog: root live
sshlog: oracle 1q2w3e4r
sshlog: oracle 111111
sshlog: oracle qwerty123
sshlog: nick nick
sshlog: oracle 123321
sshlog: oracle 321123
sshlog: oracle p@ssw0rd
sshlog: user 123456
sshlog: user 654321
sshlog: user 123
sshlog: user 321
sshlog: user test
sshlog: user test123
sshlog: user test321
sshlog: user password
sshlog: user passwd
sshlog: user pass
sshlog: user P@ssw0rd
sshlog: wp-user 123456
sshlog: user qwe123
sshlog: user qwer1234
sshlog: user password123
sshlog: user qwerty123456
sshlog: root q1w2e3r4t5y6
sshlog: root letsgou
sshlog: user 1234qwer
sshlog: user 123qwe
sshlog: root !QAZ2wsx
sshlog: tplink tplink
sshlog: user passpass
sshlog: user pass123
sshlog: root root123
sshlog: user pass1234
sshlog: user wasd
sshlog: user qwerty
sshlog: phion 1234
sshlog: user q1w2e3
sshlog: nexus 1
sshlog: user q1w2e3r4
sshlog: root root
sshlog: user 1q2w3e
sshlog: root wubao
sshlog: root wubao
sshlog: root wubao
sshlog: root wubao
sshlog: root wubao
sshlog: root admin
sshlog: root root
sshlog: root alpine
sshlog: root 123456
sshlog: root mduadmin
sshlog: root mduadmin
sshlog: root superuser
sshlog: root calvin
sshlog: root root123
sshlog: root password
sshlog: root 000000
sshlog: root public
sshlog: root raspberry
sshlog: root admin123
sshlog: root P@ssw0rd
sshlog: root P@ssw0rd
sshlog: root woofwoof
sshlog: root toor
sshlog: root casa
sshlog: root 12345678
sshlog: root lab123
sshlog: root passw0rd
sshlog: root root@123
sshlog: root 1234
sshlog: root admin@123
sshlog: root admin@123
sshlog: root abc123
sshlog: root 111111
sshlog: root cisco123
sshlog: root jiamima
sshlog: root 12345
sshlog: root aqua
sshlog: root default
sshlog: root 123
sshlog: root pi
sshlog: user 1q2w3e4r
sshlog: root !QAZ2wsx
sshlog: user 111111
sshlog: user qwerty123
sshlog: user 123321
sshlog: root password
sshlog: user 321123
sshlog: user p@ssw0rd
sshlog: root password123
sshlog: hadoop 123456
sshlog: hadoop 654321
sshlog: root 123456
sshlog: hadoop 123
sshlog: tfmas tfmas
sshlog: hadoop 321
sshlog: hadoop test
sshlog: hadoop test123
sshlog: hadoop test321
sshlog: hadoop password
sshlog: hadoop passwd
sshlog: hadoop pass
sshlog: hadoop P@ssw0rd
sshlog: hadoop qwe123
sshlog: test test123
sshlog: hadoop qwer1234
sshlog: hadoop password123
sshlog: test password
sshlog: hadoop qwerty123456
sshlog: hadoop 1234qwer
sshlog: test 123456
sshlog: hadoop 123qwe
sshlog: hadoop passpass
sshlog: test 123
sshlog: hadoop pass123
sshlog: ts3bot bot123
sshlog: hadoop pass1234
sshlog: test 321
sshlog: hadoop wasd
sshlog: postgres postgres
sshlog: hadoop qwerty
sshlog: hadoop q1w2e3
sshlog: root xc3511
sshlog: root vizxv
sshlog: root admin
sshlog: admin admin
sshlog: root 888888
sshlog: root xmhdipc
sshlog: root default
sshlog: root juantech
sshlog: root 123456
sshlog: root 54321
sshlog: support support
sshlog: postgres password
sshlog: hadoop q1w2e3r4
sshlog: hadoop 1q2w3e
sshlog: hadoop 1q2w3e4r
sshlog: postgres 123456
sshlog: team a
sshlog: hadoop 111111
sshlog: dirsrv dirsrv
sshlog: postgres test
sshlog: tomcat 123456
sshlog: hadoop qwerty123
sshlog: hadoop 123321
sshlog: hadoop 321123
sshlog: postgres 321
sshlog: hadoop p@ssw0rd
sshlog: ftp_test 1234
sshlog: git 123456
sshlog: oracle oracle
sshlog: git 654321
sshlog: git 123
sshlog: git 321
sshlog: git test
sshlog: git test123
sshlog: wss wss
sshlog: git test321
sshlog: oracle test
sshlog: git password
sshlog: oracle 123
sshlog: git passwd
sshlog: git pass
sshlog: git P@ssw0rd
sshlog: git qwe123
sshlog: kafka kafka
sshlog: git qwer1234
sshlog: git password123
sshlog: kafka password
sshlog: git qwerty123456
sshlog: kafka 123456
sshlog: git 1234qwer
sshlog: git 123qwe
sshlog: git passpass
sshlog: kafka test
sshlog: git pass123
sshlog: kafka 123
sshlog: git letmein
sshlog: git pass1234
sshlog: git wasd
sshlog: kafka 321
sshlog: git qwerty
sshlog: git q1w2e3
sshlog: git git
sshlog: git q1w2e3r4
sshlog: git password
sshlog: git 1q2w3e
sshlog: git 1q2w3e4r
sshlog: git 111111
sshlog: git 123456
sshlog: git qwerty123
sshlog: root admin
sshlog: root password
sshlog: root root
sshlog: root antslq
sshlog: root xc3511
sshlog: git test
sshlog: root vizxv
sshlog: admin admin
sshlog: admin admin123
sshlog: test test
sshlog: guest guest
sshlog: user user
sshlog: admin 1234
sshlog: admin 12345
sshlog: admin password
sshlog: pi raspberry
sshlog: telnet telnet
sshlog: support support
sshlog: supervisor zyad1234
sshlog: git 123321
sshlog: git 321123
sshlog: git 123
sshlog: git p@ssw0rd
sshlog: test 123456
sshlog: midgear midgear
sshlog: git 321
sshlog: test 654321
sshlog: root raspberrypi
sshlog: root root
sshlog: root uClinux
sshlog: root Zte521
sshlog: root 12345
sshlog: root waldo
sshlog: root 1234
sshlog: root 000000
sshlog: root default
sshlog: root waldo
sshlog: test 123
sshlog: test 321
sshlog: test test
sshlog: test test123
